neuron(101):ERROR:105: Unable to locate a modulefile for 'neuron/develop'
numprocs=1600
NEURON -- VERSION 9.0a-307-gc48d7d5bd+ HEAD (c48d7d5bd+) 2024-07-18
Duke, Yale, and the BlueBrain Project -- Copyright 1984-2022
See http://neuron.yale.edu/neuron/credits

Additional mechanisms from files
 "mod/ALU.mod" "mod/CaDynamics_DC0.mod" "mod/CaDynamics_E2.mod" "mod/Ca_HVA2.mod" "mod/Ca_HVA.mod" "mod/Ca_LVAst.mod" "mod/Ca.mod" "mod/ConductanceSource.mod" "mod/CoreNEURONArtificialCell.mod" "mod/DetAMPANMDA.mod" "mod/DetGABAAB.mod" "mod/gap.mod" "mod/GluSynapse.mod" "mod/Ih.mod" "mod/Im.mod" "mod/KdShu2007.mod" "mod/K_Pst.mod" "mod/K_Tst.mod" "mod/Kv7.mod" "mod/MembraneCurrentSource.mod" "mod/Nap_Et2.mod" "mod/NaTa_t.mod" "mod/NaTg_axon.mod" "mod/NaTg.mod" "mod/NaTg_persistent_axon.mod" "mod/NaTg_persistent_somadend.mod" "mod/NaTg_somadend.mod" "mod/NaTs2_t.mod" "mod/netstim_inhpoisson.mod" "mod/ProbAMPANMDA_EMS.mod" "mod/ProbGABAAB_EMS.mod" "mod/SK_E2.mod" "mod/SKv3_1.mod" "mod/SonataReportHelper.mod" "mod/SonataReports.mod" "mod/StochKv3.mod" "mod/StochKv.mod" "mod/TTXDynamicsSwitch.mod" "mod/vecevent.mod"
[STEP] Initializing Neurodamus... Logfile: pydamus_2024-10-21_11h01.log
[INFO]  => Neurodamus Mod & Hoc lib loaded.
[INFO] Checking for plugins...
[INFO]  => Engines Available: ['Base', 'NGV', 'METype']
[INFO]   : Connections Types: [<ConnectionTypes.NeuroGlial: 'NeuroGlial'>, <ConnectionTypes.GlioVascular: 'GlioVascular'>, None, <ConnectionTypes.Synaptic: 'Synaptic'>, <ConnectionTypes.GapJunction: 'GapJunction'>, <ConnectionTypes.NeuroModulation: 'NeuroModulation'>]
[STEP] Setting up Neurodamus configuration
[INFO] Initializing Simulation Configuration and Validation
[INFO] Valid CoreNeuron input data not found in '/dev/shm/sim-hpc/2597509/gpfs/bbp.cscs.ch/data/scratch/proj85/lfp/radii/4/reporting/coreneuron_input'. Neurodamus will proceed to model building.
[INFO] Checking simulation requirements
[INFO] Initializing hoc config objects
As of Oct 2020 Neurodamus uses Random123 as default
[INFO] User-defined RNG base seed 268.0
[WARNING] Some node set rules were replaced from /gpfs/bbp.cscs.ch/project/proj83/circuits/Bio_M/20200805-pure-sonata/node_sets.json
[INFO] Memusage (RSS) per node [MB]: Max=5103.26, Min=5101.02, Mean(Stdev)=5102.17(0.85)
[INFO] Memusage (RSS) per task [MB]: Max=132.14, Min=127.48, Mean(Stdev)=127.68(0.70)
[INFO] Checking Connection Configurations
[WARNING] Delayed connection disconnect is not overriding any weight=0 Connection
[WARNING] Delayed connection reconnect is not overriding any weight=0 Connection
[INFO]  => CHECK No Global vars!
[INFO]  => CHECK No Block Overrides!
[INFO]  => CHECK No single Weight=0 blocks!
[STEP] ================ CALCULATING LOAD BALANCE ================
[STEP] Computing Load Balance
[INFO] Activating experimental LB for Sonata circuit 'S1nonbarrel_neurons'
[INFO] Memusage (RSS) per node [MB]: Max=5465.01, Min=5458.77, Mean(Stdev)=5460.05(1.17)
[INFO] Memusage (RSS) per task [MB]: Max=144.66, Min=136.34, Mean(Stdev)=136.50(0.52)
[STEP] ==================== BUILDING CIRCUIT ====================
[WARNING] SonataError for nodeset Layer23Excitatory from population "POm" : No such attribute: 'mtype', skip
[WARNING] SonataError for nodeset Layer23Excitatory from population "VPM" : No such attribute: 'mtype', skip
[WARNING] SonataError for nodeset Layer4Excitatory from population "POm" : No such attribute: 'mtype', skip
[WARNING] SonataError for nodeset Layer4Excitatory from population "VPM" : No such attribute: 'mtype', skip
[WARNING] SonataError for nodeset Layer6Excitatory from population "POm" : No such attribute: 'mtype', skip
[WARNING] SonataError for nodeset Layer6Excitatory from population "VPM" : No such attribute: 'mtype', skip
[WARNING] SonataError for nodeset Layer5Excitatory from population "POm" : No such attribute: 'mtype', skip
[WARNING] SonataError for nodeset Layer5Excitatory from population "VPM" : No such attribute: 'mtype', skip
[WARNING] SonataError for nodeset Layer6Inhibitory from population "POm" : No such attribute: 'mtype', skip
[WARNING] SonataError for nodeset Layer6Inhibitory from population "VPM" : No such attribute: 'mtype', skip
[WARNING] SonataError for nodeset Layer1Inhibitory from population "POm" : No such attribute: 'mtype', skip
[WARNING] SonataError for nodeset Layer1Inhibitory from population "VPM" : No such attribute: 'mtype', skip
[WARNING] SonataError for nodeset Layer5Inhibitory from population "POm" : No such attribute: 'mtype', skip
[WARNING] SonataError for nodeset Layer5Inhibitory from population "VPM" : No such attribute: 'mtype', skip
[WARNING] SonataError for nodeset Layer23Inhibitory from population "POm" : No such attribute: 'mtype', skip
[WARNING] SonataError for nodeset Layer23Inhibitory from population "VPM" : No such attribute: 'mtype', skip
[WARNING] SonataError for nodeset Layer4Inhibitory from population "POm" : No such attribute: 'mtype', skip
[WARNING] SonataError for nodeset Layer4Inhibitory from population "VPM" : No such attribute: 'mtype', skip
[STEP] LOADING NODES
[INFO] Load-balance object not present. Continuing Round-Robin...
[INFO]  => (default) Circuit has been disabled
[STEP] Circuit POm
[STEP] Circuit S1nonbarrel_neurons
[INFO] Reading Nodes (METype) info from '/gpfs/bbp.cscs.ch/project/proj83/circuits/Bio_M/20200805-pure-sonata/networks/nodes/S1nonbarrel_neurons/nodes.h5'
[INFO]  -> Distributing 'S1nonbarrel_neurons:hex_O1' target cells Round-Robin
[INFO]  => Loaded info about 211712 target cells (out of 4234929)
[STEP] Circuit VPM
[WARNING] For non-sonata circuit, only a single Virtual Cell Population works with REPLAY
[INFO] Reading LFP configuration info from '/gpfs/bbp.cscs.ch/data/scratch/proj85/lfp/electrodes/coeffs_radii.h5'
/gpfs/bbp.cscs.ch/ssd/apps/bsd/2024-02-01/stage_applications/install_gcc-12.3.0-skylake/py-numpy-1.26.1-elr5pn/lib/python3.11/site-packages/numpy/core/getlimits.py:549: UserWarning: The value of the smallest subnormal for <class 'numpy.float32'> type is zero.
  setattr(self, word, getattr(machar, word).flat[0])
/gpfs/bbp.cscs.ch/ssd/apps/bsd/2024-02-01/stage_applications/install_gcc-12.3.0-skylake/py-numpy-1.26.1-elr5pn/lib/python3.11/site-packages/numpy/core/getlimits.py:549: UserWarning: The value of the smallest subnormal for <class 'numpy.float64'> type is zero.
  setattr(self, word, getattr(machar, word).flat[0])
[STEP] FINALIZING CIRCUIT CELLS
[STEP] Circuit (default)
[STEP] Circuit S1nonbarrel_neurons
[INFO] Finalizing cells... Gid offset: 232000
[INFO]  > Instantiating cells... (133 in Rank 0)
|-------20%-------40%-------60%-------80%------100%| [Time taken: 63.71 s]
[INFO]  > Updating targets
[INFO]  > Initializing cell network
[INFO] Memusage (RSS) per node [MB]: Max=14288.93, Min=14090.06, Mean(Stdev)=14171.96(49.32)
[INFO] Memusage (RSS) per task [MB]: Max=373.95, Min=337.75, Mean(Stdev)=354.30(5.88)
[STEP] LOADING CIRCUIT CONNECTIVITY
[STEP] Circuit (default)
[INFO]  => No connectivity set as internal. See projections
[STEP] Circuit POm
[INFO]  => No connectivity set as internal. See projections
[STEP] Circuit S1nonbarrel_neurons
[INFO] Processing edge file /gpfs/bbp.cscs.ch/project/proj83/circuits/Bio_M/20200805-pure-sonata/networks/edges/S1nonbarrel_neurons__S1nonbarrel_neurons__chemical/edges.h5, pop: S1nonbarrel_neurons__S1nonbarrel_neurons__chemical
[INFO] Init SynapseRuleManager. Options: {'load_offsets': False, 'dry_run_stats': None}
[INFO] Loading connections to population: <ConnectionSet: 2969-2969 (S1nonbarrel_neurons->S1nonbarrel_neurons)>
[INFO] Creating group connections (3 groups match)
[INFO]  * Pathway hex_O1 -> hex_O1. Created 87457567 connections
[STEP] Circuit VPM
[INFO]  => No connectivity set as internal. See projections
[STEP] Handling projections...
[INFO] Processing Edge file: /gpfs/bbp.cscs.ch/project/proj83/circuits/Bio_M/20200805-pure-sonata/networks/edges/midrange__S1nonbarrel_neurons__chemical/edges.h5
[INFO]  * midrange__S1nonbarrel_neurons__chemical__S1nonbarrel_neurons-S1nonbarrel_neurons (Type: ConnectionTypes.Synaptic, Src: S1nonbarrel_neurons, Dst: S1nonbarrel_neurons)
[INFO] Loading connections to population: <ConnectionSet: 2969-2969 (S1nonbarrel_neurons->S1nonbarrel_neurons)>
[INFO] Creating group connections (3 groups match)
[INFO]  * Pathway hex_O1 -> hex_O1. Created 874938 connections
[INFO] Processing Edge file: /gpfs/bbp.cscs.ch/project/proj83/circuits/Bio_M/20200805-pure-sonata/networks/edges/POm__S1nonbarrel_neurons__chemical/edges.h5
[INFO]  * POm__S1nonbarrel_neurons__chemical__POm-S1nonbarrel_neurons (Type: ConnectionTypes.Synaptic, Src: POm, Dst: S1nonbarrel_neurons)
[INFO] Loading connections to population: <ConnectionSet: 1166-2969 (POm->S1nonbarrel_neurons)>
[INFO] No matching Connection blocks. Loading all synapses...
|-------20%-------40%-------60%-------80%------100%| [Time taken: 0.45 s]
[INFO]  * [ALL]. Created 7651528 connections
[INFO] Processing Edge file: /gpfs/bbp.cscs.ch/project/proj83/circuits/Bio_M/20200805-pure-sonata/networks/edges/VPM__S1nonbarrel_neurons__chemical/edges.h5
[INFO]  * VPM__S1nonbarrel_neurons__chemical__VPM-S1nonbarrel_neurons (Type: ConnectionTypes.Synaptic, Src: VPM, Dst: S1nonbarrel_neurons)
[INFO] Loading connections to population: <ConnectionSet: 2134-2969 (VPM->S1nonbarrel_neurons)>
[INFO] No matching Connection blocks. Loading all synapses...
|-------20%-------40%-------60%-------80%------100%| [Time taken: 0.72 s]
[INFO]  * [ALL]. Created 9295647 connections
[STEP] Configuring connections...
[INFO]  * Pathway hex_O1 -> hex_O1
[INFO]  => Configured 8.83325e+07 connections
[INFO]  * Pathway hex_O1 -> hex_O1:	[DELAYED] t=0.025, weight=0
[INFO]  => Configured 8.83325e+07 connections
[INFO]  * Pathway hex_O1 -> hex_O1:	[DELAYED] t=1000, weight=1
[INFO]  => Configured 8.83325e+07 connections
[INFO] Done, but waiting for all ranks
[INFO] Memusage (RSS) per node [MB]: Max=27163.50, Min=26667.27, Mean(Stdev)=26945.11(138.23)
[INFO] Memusage (RSS) per task [MB]: Max=719.80, Min=634.27, Mean(Stdev)=673.63(14.26)
[STEP] ================ INSTANTIATING SIMULATION ================
[STEP] Handling Replay
[INFO]  * [SYN REPLAY] injectStimulus_spikeReplayVPM (Stimulus_spikeReplayVPM -> hex_O1, time shift: 0, delay: 0)
[INFO]   > No replay for src population: 'S1nonbarrel_neurons'
[CRITICAL] (rank 791) Unhandled Exception. Terminating...
Traceback (most recent call last):
  File "/gpfs/bbp.cscs.ch/home/tharayil/spack_install/software/install_gcc-12.3.0-skylake/py-neurodamus-develop-hzm7l7/lib/python3.11/site-packages/neurodamus/commands.py", line 86, in neurodamus
    Neurodamus(config_file, True, logging_level=log_level, **options).run()
    ^^^^^^^^^^^^^^^^^^^^^^^^^^^^^^^^^^^^^^^^^^^^^^^^^^^^^^^^^^^^^^^^^
  File "/gpfs/bbp.cscs.ch/home/tharayil/spack_install/software/install_gcc-12.3.0-skylake/py-neurodamus-develop-hzm7l7/lib/python3.11/site-packages/neurodamus/node.py", line 1594, in __init__
    self._instantiate_simulation()
  File "/gpfs/bbp.cscs.ch/home/tharayil/spack_install/software/install_gcc-12.3.0-skylake/py-neurodamus-develop-hzm7l7/lib/python3.11/site-packages/neurodamus/node.py", line 1692, in _instantiate_simulation
    self._build_model()
  File "/gpfs/bbp.cscs.ch/home/tharayil/spack_install/software/install_gcc-12.3.0-skylake/py-neurodamus-develop-hzm7l7/lib/python3.11/site-packages/neurodamus/node.py", line 1617, in _build_model
    self.enable_replay()
  File "/gpfs/bbp.cscs.ch/home/tharayil/spack_install/software/install_gcc-12.3.0-skylake/py-neurodamus-develop-hzm7l7/lib/python3.11/site-packages/neurodamus/core/_utils.py", line 37, in mpi_ok_wrapper
    res = f(*args, **kw)
          ^^^^^^^^^^^^^^
  File "/gpfs/bbp.cscs.ch/home/tharayil/spack_install/software/install_gcc-12.3.0-skylake/py-neurodamus-develop-hzm7l7/lib/python3.11/site-packages/neurodamus/node.py", line 741, in enable_replay
    self._enable_replay(source, target, stim, tshift, delay, connectivity_type)
  File "/gpfs/bbp.cscs.ch/home/tharayil/spack_install/software/install_gcc-12.3.0-skylake/py-neurodamus-develop-hzm7l7/lib/python3.11/site-packages/neurodamus/node.py", line 757, in _enable_replay
    spike_manager = SpikeManager(spike_filepath, tshift, src_pop)  # Disposable
                    ^^^^^^^^^^^^^^^^^^^^^^^^^^^^^^^^^^^^^^^^^^^^^
  File "/gpfs/bbp.cscs.ch/ssd/apps/bsd/2024-02-01/stage_externals/install_gcc-12.3.0-skylake/python-3.11.6-bj4i6m/lib/python3.11/contextlib.py", line 81, in inner
    return func(*args, **kwds)
           ^^^^^^^^^^^^^^^^^^^
  File "/gpfs/bbp.cscs.ch/home/tharayil/spack_install/software/install_gcc-12.3.0-skylake/py-neurodamus-develop-hzm7l7/lib/python3.11/site-packages/neurodamus/replay.py", line 35, in __init__
    self.open_spike_file(spike_filename, delay, population)
  File "/gpfs/bbp.cscs.ch/home/tharayil/spack_install/software/install_gcc-12.3.0-skylake/py-neurodamus-develop-hzm7l7/lib/python3.11/site-packages/neurodamus/replay.py", line 50, in open_spike_file
    tvec, gidvec = self._read_spikes_sonata(filename, population)
                   ^^^^^^^^^^^^^^^^^^^^^^^^^^^^^^^^^^^^^^^^^^^^^^
  File "/gpfs/bbp.cscs.ch/home/tharayil/spack_install/software/install_gcc-12.3.0-skylake/py-neurodamus-develop-hzm7l7/lib/python3.11/site-packages/neurodamus/replay.py", line 67, in _read_spikes_sonata
    spikes = spikes_file[population]
             ~~~~~~~~~~~^^^^^^^^^^^^
RuntimeError: Unable to open the attribute "units": (Attribute) Object not found
MPT ERROR: Rank 883(g:883) is aborting with error code 56423680.
	Process ID: 86869, Host: r4i1n18, Program: /gpfs/bbp.cscs.ch/home/tharayil/spack_install/software/install_oneapi-2023.2.0-skylake/neurodamus-models-develop-lfszlp/bin/special
	MPT Version: HPE HMPT 2.27  12/20/23 18:45:04

MPT: --------stack traceback-------
MPT ERROR: Rank 114(g:114) is aborting with error code 56423680.
	Process ID: 162020, Host: r3i7n33, Program: /gpfs/bbp.cscs.ch/home/tharayil/spack_install/software/install_oneapi-2023.2.0-skylake/neurodamus-models-develop-lfszlp/bin/special
	MPT Version: HPE HMPT 2.27  12/20/23 18:45:04

MPT: --------stack traceback-------
MPT ERROR: Rank 772(g:772) is aborting with error code 56423680.
	Process ID: 105826, Host: r4i1n15, Program: /gpfs/bbp.cscs.ch/home/tharayil/spack_install/software/install_oneapi-2023.2.0-skylake/neurodamus-models-develop-lfszlp/bin/special
	MPT Version: HPE HMPT 2.27  12/20/23 18:45:04

MPT: --------stack traceback-------
MPT ERROR: Rank 1256(g:1256) is aborting with error code 56423680.
	Process ID: 304533, Host: r4i1n27, Program: /gpfs/bbp.cscs.ch/home/tharayil/spack_install/software/install_oneapi-2023.2.0-skylake/neurodamus-models-develop-lfszlp/bin/special
	MPT Version: HPE HMPT 2.27  12/20/23 18:45:04

MPT: --------stack traceback-------
MPT ERROR: Rank 1237(g:1237) is aborting with error code 56423680.
	Process ID: 301523, Host: r4i1n26, Program: /gpfs/bbp.cscs.ch/home/tharayil/spack_install/software/install_oneapi-2023.2.0-skylake/neurodamus-models-develop-lfszlp/bin/special
	MPT Version: HPE HMPT 2.27  12/20/23 18:45:04

MPT: --------stack traceback-------
MPT: (no debugging symbols found)...done.
MPT: Attaching to program: /proc/162020/exe, process 162020
MPT: (no debugging symbols found)...done.
MPT: (no debugging symbols found)...done.
MPT: (no debugging symbols found)...done.
MPT: [Thread debugging using libthread_db enabled]
MPT: Using host libthread_db library "/lib64/libthread_db.so.1".
MPT: (no debugging symbols found)...done.
MPT: (no debugging symbols found)...done.
MPT: (no debugging symbols found)...done.
MPT: (no debugging symbols found)...done.
MPT: (no debugging symbols found)...done.
MPT: (no debugging symbols found)...done.
MPT: (no debugging symbols found)...done.
MPT: (no debugging symbols found)...done.
MPT: (no debugging symbols found)...done.
MPT: (no debugging symbols found)...done.
MPT: (no debugging symbols found)...done.
MPT: (no debugging symbols found)...done.
MPT: (no debugging symbols found)...done.
MPT: (no debugging symbols found)...done.
MPT: (no debugging symbols found)...done.
MPT: (no debugging symbols found)...done.
MPT: (no debugging symbols found)...done.
MPT: (no debugging symbols found)...done.
MPT: (no debugging symbols found)...done.
MPT: (no debugging symbols found)...done.
MPT: (no debugging symbols found)...done.
MPT: (no debugging symbols found)...done.
MPT: (no debugging symbols found)...done.
MPT: (no debugging symbols found)...done.
MPT: (no debugging symbols found)...done.
MPT: (no debugging symbols found)...done.
MPT: (no debugging symbols found)...done.
MPT: (no debugging symbols found)...done.
MPT: (no debugging symbols found)...done.
MPT: (no debugging symbols found)...done.
MPT: (no debugging symbols found)...done.
MPT: (no debugging symbols found)...done.
MPT: (no debugging symbols found)...done.
MPT: (no debugging symbols found)...done.
MPT: (no debugging symbols found)...done.
MPT: (no debugging symbols found)...done.
MPT: (no debugging symbols found)...done.
MPT: (no debugging symbols found)...done.
MPT: (no debugging symbols found)...done.
MPT: (no debugging symbols found)...done.
MPT: (no debugging symbols found)...done.
MPT: (no debugging symbols found)...done.
MPT: (no debugging symbols found)...done.
MPT: (no debugging symbols found)...done.
MPT: (no debugging symbols found)...done.
MPT: (no debugging symbols found)...done.
MPT: (no debugging symbols found)...done.
MPT: (no debugging symbols found)...done.
MPT: (no debugging symbols found)...done.
MPT: (no debugging symbols found)...done.
MPT: (no debugging symbols found)...done.
MPT: (no debugging symbols found)...done.
MPT: (no debugging symbols found)...done.
MPT: (no debugging symbols found)...done.
MPT: (no debugging symbols found)...done.
MPT: (no debugging symbols found)...done.
MPT: (no debugging symbols found)...done.
MPT: (no debugging symbols found)...done.
MPT: (no debugging symbols found)...done.
MPT: (no debugging symbols found)...done.
MPT: (no debugging symbols found)...done.
MPT: (no debugging symbols found)...done.
MPT: (no debugging symbols found)...done.
MPT: (no debugging symbols found)...done.
MPT: (no debugging symbols found)...done.
MPT: (no debugging symbols found)...done.
MPT: (no debugging symbols found)...done.
MPT: (no debugging symbols found)...done.
MPT: (no debugging symbols found)...done.
MPT: (no debugging symbols found)...done.
MPT: 0x00002aaaab82818c in waitpid () from /usr/lib64/libpthread.so.0
MPT: warning: File "/gpfs/bbp.cscs.ch/ssd/apps/bsd/2024-02-01/stage_compilers/install_gcc-4.8.5-haswell/gcc-12.3.0-lvcks3/lib64/libstdc++.so.6.0.30-gdb.py" auto-loading has been declined by your `auto-load safe-path' set to "$debugdir:$datadir/auto-load:/usr/bin/mono-gdb.py".
MPT: To enable execution of this file add
MPT: 	add-auto-load-safe-path /gpfs/bbp.cscs.ch/ssd/apps/bsd/2024-02-01/stage_compilers/install_gcc-4.8.5-haswell/gcc-12.3.0-lvcks3/lib64/libstdc++.so.6.0.30-gdb.py
MPT: line to your configuration file "/gpfs/bbp.cscs.ch/home/tharayil/.gdbinit".
MPT: To completely disable this security protection add
MPT: 	set auto-load safe-path /
MPT: line to your configuration file "/gpfs/bbp.cscs.ch/home/tharayil/.gdbinit".
MPT: For more information about this security protection see the
MPT: "Auto-loading safe path" section in the GDB manual.  E.g., run from the shell:
MPT: 	info "(gdb)Auto-loading safe path"
MPT: Missing separate debuginfos, use: debuginfo-install glibc-2.17-325.el7_9.x86_64 libibverbs-54mlnx1-1.54103.x86_64 libnl3-3.2.28-4.el7.x86_64 libnuma-3.0sgi-sgi716r61.rhel73.x86_64 numatools-2.0-726.0790.220815T1642.r.rhel79hpe.x86_64
MPT: (gdb) #0  0x00002aaaab82818c in waitpid () from /usr/lib64/libpthread.so.0
MPT: #1  0x00002aaaabb6b0c6 in mpi_sgi_system (
MPT: #2  MPI_SGI_stacktraceback (
MPT:     header=header@entry=0x7fffffff6890 "MPT ERROR: Rank 114(g:114) is aborting with error code 56423680.\n\tProcess ID: 162020, Host: r3i7n33, Program: /gpfs/bbp.cscs.ch/home/tharayil/spack_install/software/install_oneapi-2023.2.0-skylake/neu"...) at sig.c:340
MPT: #3  0x00002aaaaba8b8d9 in print_traceback (ecode=56423680) at abort.c:255
MPT: #4  0x00002aaaaba8bb9a in PMPI_Abort (warning: skipping .debug_frame info of /gpfs/bbp.cscs.ch/ssd/apps/bsd/2024-02-01/stage_externals/install_gcc-12.3.0-skylake/libffi-3.4.4-3zeyat/lib64/libffi.so.8: Found an FDE when not expecting it.
MPT: comm=<optimized out>, errorcode=56423680)
MPT:     at abort.c:70
MPT: #5  0x00002b0979645052 in ffi_call_unix64 ()
MPT:    from /gpfs/bbp.cscs.ch/ssd/apps/bsd/2024-02-01/stage_externals/install_gcc-12.3.0-skylake/libffi-3.4.4-3zeyat/lib64/libffi.so.8
MPT: #6  0x00002b0979643e27 in ffi_call_int ()
MPT:    from /gpfs/bbp.cscs.ch/ssd/apps/bsd/2024-02-01/stage_externals/install_gcc-12.3.0-skylake/libffi-3.4.4-3zeyat/lib64/libffi.so.8
MPT: #7  0x00002b097964480d in ffi_call ()
MPT:    from /gpfs/bbp.cscs.ch/ssd/apps/bsd/2024-02-01/stage_externals/install_gcc-12.3.0-skylake/libffi-3.4.4-3zeyat/lib64/libffi.so.8
MPT: #8  0x00002b097962cf9f in _ctypes_callproc ()
MPT:    from /gpfs/bbp.cscs.ch/ssd/apps/bsd/2024-02-01/stage_externals/install_gcc-12.3.0-skylake/python-3.11.6-bj4i6m/lib/python3.11/lib-dynload/_ctypes.cpython-311-x86_64-linux-gnu.so
MPT: #9  0x00002b0979627cbc in PyCFuncPtr_call ()
MPT:    from /gpfs/bbp.cscs.ch/ssd/apps/bsd/2024-02-01/stage_externals/install_gcc-12.3.0-skylake/python-3.11.6-bj4i6m/lib/python3.11/lib-dynload/_ctypes.cpython-311-x86_64-linux-gnu.so
MPT: #10 0x00002aaaaed2861d in _PyObject_MakeTpCall ()
MPT:    from /gpfs/bbp.cscs.ch/ssd/apps/bsd/2024-02-01/stage_externals/install_gcc-12.3.0-skylake/python-3.11.6-bj4i6m/lib/libpython3.11.so.1.0
MPT: #11 0x00002aaaaecccc1b in _PyEval_EvalFrameDefault ()
MPT:    from /gpfs/bbp.cscs.ch/ssd/apps/bsd/2024-02-01/stage_externals/install_gcc-12.3.0-skylake/python-3.11.6-bj4i6m/lib/libpython3.11.so.1.0
MPT: #12 0x00002aaaaee235fc in PyEval_EvalCode ()
MPT:    from /gpfs/bbp.cscs.ch/ssd/apps/bsd/2024-02-01/stage_externals/install_gcc-12.3.0-skylake/python-3.11.6-bj4i6m/lib/libpython3.11.so.1.0
MPT: #13 0x00002aaaaee6b479 in run_mod ()
MPT:    from /gpfs/bbp.cscs.ch/ssd/apps/bsd/2024-02-01/stage_externals/install_gcc-12.3.0-skylake/python-3.11.6-bj4i6m/lib/libpython3.11.so.1.0
MPT: #14 0x00002aaaaee6cd04 in _PyRun_SimpleFileObject ()
MPT:    from /gpfs/bbp.cscs.ch/ssd/apps/bsd/2024-02-01/stage_externals/install_gcc-12.3.0-skylake/python-3.11.6-bj4i6m/lib/libpython3.11.so.1.0
MPT: #15 0x00002aaaaee6d34c in _PyRun_AnyFileObject ()
MPT:    from /gpfs/bbp.cscs.ch/ssd/apps/bsd/2024-02-01/stage_externals/install_gcc-12.3.0-skylake/python-3.11.6-bj4i6m/lib/libpython3.11.so.1.0
MPT: #16 0x00002aaaaee6d409 in PyRun_AnyFileExFlags ()
MPT:    from /gpfs/bbp.cscs.ch/ssd/apps/bsd/2024-02-01/stage_externals/install_gcc-12.3.0-skylake/python-3.11.6-bj4i6m/lib/libpython3.11.so.1.0
MPT: #17 0x00002aaaab1f3a90 in nrnpy_pyrun(char const*) ()
MPT:    from /gpfs/bbp.cscs.ch/home/tharayil/spack_install/software/install_oneapi-2023.2.0-skylake/neuron-9.0.a17-vwod6s/lib/libnrniv.so
MPT: #18 0x00002aaaab1f481b in nrnpython_start(int) ()
MPT:    from /gpfs/bbp.cscs.ch/home/tharayil/spack_install/software/install_oneapi-2023.2.0-skylake/neuron-9.0.a17-vwod6s/lib/libnrniv.so
MPT: #19 0x00002aaaaafa37b4 in ivocmain_session(int, char const**, char const**, int) ()
MPT:    from /gpfs/bbp.cscs.ch/home/tharayil/spack_install/software/install_oneapi-2023.2.0-skylake/neuron-9.0.a17-vwod6s/lib/libnrniv.so
MPT: #20 0x000000000040461f in main ()
MPT: (gdb) A debugging session is active.
MPT: 
MPT: 	Inferior 1 [process 162020] will be detached.
MPT: 
MPT: Quit anyway? (y or n) [answered Y; input not from terminal]
MPT: Detaching from program: /proc/162020/exe, process 162020
MPT: [Inferior 1 (process 162020) detached]
MPT: (no debugging symbols found)...done.
MPT: Attaching to program: /proc/105826/exe, process 105826
MPT: (no debugging symbols found)...done.
MPT: (no debugging symbols found)...done.
MPT: (no debugging symbols found)...done.
MPT: [Thread debugging using libthread_db enabled]
MPT: Using host libthread_db library "/lib64/libthread_db.so.1".
MPT: (no debugging symbols found)...done.
MPT: (no debugging symbols found)...done.
MPT: (no debugging symbols found)...done.
MPT: (no debugging symbols found)...done.
MPT: (no debugging symbols found)...done.
MPT: (no debugging symbols found)...done.
MPT: (no debugging symbols found)...done.
MPT: (no debugging symbols found)...done.
MPT: (no debugging symbols found)...done.
MPT: (no debugging symbols found)...done.
MPT: (no debugging symbols found)...done.
MPT: (no debugging symbols found)...done.
MPT: (no debugging symbols found)...done.
MPT: (no debugging symbols found)...done.
MPT: (no debugging symbols found)...done.
MPT: (no debugging symbols found)...done.
MPT: (no debugging symbols found)...done.
MPT: (no debugging symbols found)...done.
MPT: (no debugging symbols found)...done.
MPT: (no debugging symbols found)...done.
MPT: (no debugging symbols found)...done.
MPT: (no debugging symbols found)...done.
MPT: (no debugging symbols found)...done.
MPT: (no debugging symbols found)...done.
MPT: (no debugging symbols found)...done.
MPT: (no debugging symbols found)...done.
MPT: (no debugging symbols found)...done.
MPT: (no debugging symbols found)...done.
MPT: (no debugging symbols found)...done.
MPT: (no debugging symbols found)...done.
MPT: (no debugging symbols found)...done.
MPT: (no debugging symbols found)...done.
MPT: (no debugging symbols found)...done.
MPT: (no debugging symbols found)...done.
MPT: (no debugging symbols found)...done.
MPT: (no debugging symbols found)...done.
MPT: (no debugging symbols found)...done.
MPT: (no debugging symbols found)...done.
MPT: (no debugging symbols found)...done.
MPT: (no debugging symbols found)...done.
MPT: (no debugging symbols found)...done.
MPT: (no debugging symbols found)...done.
MPT: (no debugging symbols found)...done.
MPT: (no debugging symbols found)...done.
MPT: (no debugging symbols found)...done.
MPT: (no debugging symbols found)...done.
MPT: (no debugging symbols found)...done.
MPT: (no debugging symbols found)...done.
MPT: (no debugging symbols found)...done.
MPT: (no debugging symbols found)...done.
MPT: (no debugging symbols found)...done.
MPT: (no debugging symbols found)...done.
MPT: (no debugging symbols found)...done.
MPT: (no debugging symbols found)...done.
MPT: (no debugging symbols found)...done.
MPT: (no debugging symbols found)...done.
MPT: (no debugging symbols found)...done.
MPT: (no debugging symbols found)...done.
MPT: (no debugging symbols found)...done.
MPT: (no debugging symbols found)...done.
MPT: (no debugging symbols found)...done.
MPT: (no debugging symbols found)...done.
MPT: (no debugging symbols found)...done.
MPT: (no debugging symbols found)...done.
MPT: (no debugging symbols found)...done.
MPT: (no debugging symbols found)...done.
MPT: (no debugging symbols found)...done.
MPT: (no debugging symbols found)...done.
MPT: (no debugging symbols found)...done.
MPT: (no debugging symbols found)...done.
MPT: 0x00002aaaab82818c in waitpid () from /usr/lib64/libpthread.so.0
MPT: warning: File "/gpfs/bbp.cscs.ch/ssd/apps/bsd/2024-02-01/stage_compilers/install_gcc-4.8.5-haswell/gcc-12.3.0-lvcks3/lib64/libstdc++.so.6.0.30-gdb.py" auto-loading has been declined by your `auto-load safe-path' set to "$debugdir:$datadir/auto-load:/usr/bin/mono-gdb.py".
MPT: To enable execution of this file add
MPT: 	add-auto-load-safe-path /gpfs/bbp.cscs.ch/ssd/apps/bsd/2024-02-01/stage_compilers/install_gcc-4.8.5-haswell/gcc-12.3.0-lvcks3/lib64/libstdc++.so.6.0.30-gdb.py
MPT: line to your configuration file "/gpfs/bbp.cscs.ch/home/tharayil/.gdbinit".
MPT: To completely disable this security protection add
MPT: 	set auto-load safe-path /
MPT: line to your configuration file "/gpfs/bbp.cscs.ch/home/tharayil/.gdbinit".
MPT: For more information about this security protection see the
MPT: "Auto-loading safe path" section in the GDB manual.  E.g., run from the shell:
MPT: 	info "(gdb)Auto-loading safe path"
MPT: Missing separate debuginfos, use: debuginfo-install glibc-2.17-325.el7_9.x86_64 libibverbs-54mlnx1-1.54103.x86_64 libnl3-3.2.28-4.el7.x86_64 libnuma-3.0sgi-sgi716r61.rhel73.x86_64 numatools-2.0-726.0790.220815T1642.r.rhel79hpe.x86_64
MPT: (gdb) #0  0x00002aaaab82818c in waitpid () from /usr/lib64/libpthread.so.0
MPT: #1  0x00002aaaabb6b0c6 in mpi_sgi_system (
MPT: #2  MPI_SGI_stacktraceback (
MPT:     header=header@entry=0x7fffffff6890 "MPT ERROR: Rank 772(g:772) is aborting with error code 56423680.\n\tProcess ID: 105826, Host: r4i1n15, Program: /gpfs/bbp.cscs.ch/home/tharayil/spack_install/software/install_oneapi-2023.2.0-skylake/neu"...) at sig.c:340
MPT: #3  0x00002aaaaba8b8d9 in print_traceback (ecode=56423680) at abort.c:255
MPT: #4  0x00002aaaaba8bb9a in PMPI_Abort (warning: skipping .debug_frame info of /gpfs/bbp.cscs.ch/ssd/apps/bsd/2024-02-01/stage_externals/install_gcc-12.3.0-skylake/libffi-3.4.4-3zeyat/lib64/libffi.so.8: Found an FDE when not expecting it.
MPT: comm=<optimized out>, errorcode=56423680)
MPT:     at abort.c:70
MPT: #5  0x00002b0979645052 in ffi_call_unix64 ()
MPT:    from /gpfs/bbp.cscs.ch/ssd/apps/bsd/2024-02-01/stage_externals/install_gcc-12.3.0-skylake/libffi-3.4.4-3zeyat/lib64/libffi.so.8
MPT: #6  0x00002b0979643e27 in ffi_call_int ()
MPT:    from /gpfs/bbp.cscs.ch/ssd/apps/bsd/2024-02-01/stage_externals/install_gcc-12.3.0-skylake/libffi-3.4.4-3zeyat/lib64/libffi.so.8
MPT: #7  0x00002b097964480d in ffi_call ()
MPT:    from /gpfs/bbp.cscs.ch/ssd/apps/bsd/2024-02-01/stage_externals/install_gcc-12.3.0-skylake/libffi-3.4.4-3zeyat/lib64/libffi.so.8
MPT: #8  0x00002b097962cf9f in _ctypes_callproc ()
MPT:    from /gpfs/bbp.cscs.ch/ssd/apps/bsd/2024-02-01/stage_externals/install_gcc-12.3.0-skylake/python-3.11.6-bj4i6m/lib/python3.11/lib-dynload/_ctypes.cpython-311-x86_64-linux-gnu.so
MPT: #9  0x00002b0979627cbc in PyCFuncPtr_call ()
MPT:    from /gpfs/bbp.cscs.ch/ssd/apps/bsd/2024-02-01/stage_externals/install_gcc-12.3.0-skylake/python-3.11.6-bj4i6m/lib/python3.11/lib-dynload/_ctypes.cpython-311-x86_64-linux-gnu.so
MPT: #10 0x00002aaaaed2861d in _PyObject_MakeTpCall ()
MPT:    from /gpfs/bbp.cscs.ch/ssd/apps/bsd/2024-02-01/stage_externals/install_gcc-12.3.0-skylake/python-3.11.6-bj4i6m/lib/libpython3.11.so.1.0
MPT: #11 0x00002aaaaecccc1b in _PyEval_EvalFrameDefault ()
MPT:    from /gpfs/bbp.cscs.ch/ssd/apps/bsd/2024-02-01/stage_externals/install_gcc-12.3.0-skylake/python-3.11.6-bj4i6m/lib/libpython3.11.so.1.0
MPT: #12 0x00002aaaaee235fc in PyEval_EvalCode ()
MPT:    from /gpfs/bbp.cscs.ch/ssd/apps/bsd/2024-02-01/stage_externals/install_gcc-12.3.0-skylake/python-3.11.6-bj4i6m/lib/libpython3.11.so.1.0
MPT: #13 0x00002aaaaee6b479 in run_mod ()
MPT:    from /gpfs/bbp.cscs.ch/ssd/apps/bsd/2024-02-01/stage_externals/install_gcc-12.3.0-skylake/python-3.11.6-bj4i6m/lib/libpython3.11.so.1.0
MPT: #14 0x00002aaaaee6cd04 in _PyRun_SimpleFileObject ()
MPT:    from /gpfs/bbp.cscs.ch/ssd/apps/bsd/2024-02-01/stage_externals/install_gcc-12.3.0-skylake/python-3.11.6-bj4i6m/lib/libpython3.11.so.1.0
MPT: #15 0x00002aaaaee6d34c in _PyRun_AnyFileObject ()
MPT:    from /gpfs/bbp.cscs.ch/ssd/apps/bsd/2024-02-01/stage_externals/install_gcc-12.3.0-skylake/python-3.11.6-bj4i6m/lib/libpython3.11.so.1.0
MPT: #16 0x00002aaaaee6d409 in PyRun_AnyFileExFlags ()
MPT:    from /gpfs/bbp.cscs.ch/ssd/apps/bsd/2024-02-01/stage_externals/install_gcc-12.3.0-skylake/python-3.11.6-bj4i6m/lib/libpython3.11.so.1.0
MPT: #17 0x00002aaaab1f3a90 in nrnpy_pyrun(char const*) ()
MPT:    from /gpfs/bbp.cscs.ch/home/tharayil/spack_install/software/install_oneapi-2023.2.0-skylake/neuron-9.0.a17-vwod6s/lib/libnrniv.so
MPT: #18 0x00002aaaab1f481b in nrnpython_start(int) ()
MPT:    from /gpfs/bbp.cscs.ch/home/tharayil/spack_install/software/install_oneapi-2023.2.0-skylake/neuron-9.0.a17-vwod6s/lib/libnrniv.so
MPT: #19 0x00002aaaaafa37b4 in ivocmain_session(int, char const**, char const**, int) ()
MPT:    from /gpfs/bbp.cscs.ch/home/tharayil/spack_install/software/install_oneapi-2023.2.0-skylake/neuron-9.0.a17-vwod6s/lib/libnrniv.so
MPT: #20 0x000000000040461f in main ()
MPT: (gdb) A debugging session is active.
MPT: 
MPT: 	Inferior 1 [process 105826] will be detached.
MPT: 
MPT: Quit anyway? (y or n) [answered Y; input not from terminal]
MPT: Detaching from program: /proc/105826/exe, process 105826
MPT: [Inferior 1 (process 105826) detached]
MPT: (no debugging symbols found)...done.
MPT: Attaching to program: /proc/86869/exe, process 86869
MPT: (no debugging symbols found)...done.
MPT: (no debugging symbols found)...done.
MPT: (no debugging symbols found)...done.
MPT: [Thread debugging using libthread_db enabled]
MPT: Using host libthread_db library "/lib64/libthread_db.so.1".
MPT: (no debugging symbols found)...done.
MPT: (no debugging symbols found)...done.
MPT: (no debugging symbols found)...done.
MPT: (no debugging symbols found)...done.
MPT: (no debugging symbols found)...done.
MPT: (no debugging symbols found)...done.
MPT: (no debugging symbols found)...done.
MPT: (no debugging symbols found)...done.
MPT: (no debugging symbols found)...done.
MPT: (no debugging symbols found)...done.
MPT: (no debugging symbols found)...done.
MPT: (no debugging symbols found)...done.
MPT: (no debugging symbols found)...done.
MPT: (no debugging symbols found)...done.
MPT: (no debugging symbols found)...done.
MPT: (no debugging symbols found)...done.
MPT: (no debugging symbols found)...done.
MPT: (no debugging symbols found)...done.
MPT: (no debugging symbols found)...done.
MPT: (no debugging symbols found)...done.
MPT: (no debugging symbols found)...done.
MPT: (no debugging symbols found)...done.
MPT: (no debugging symbols found)...done.
MPT: (no debugging symbols found)...done.
MPT: (no debugging symbols found)...done.
MPT: (no debugging symbols found)...done.
MPT: (no debugging symbols found)...done.
MPT: (no debugging symbols found)...done.
MPT: (no debugging symbols found)...done.
MPT: (no debugging symbols found)...done.
MPT: (no debugging symbols found)...done.
MPT: (no debugging symbols found)...done.
MPT: (no debugging symbols found)...done.
MPT: (no debugging symbols found)...done.
MPT: (no debugging symbols found)...done.
MPT: (no debugging symbols found)...done.
MPT: (no debugging symbols found)...done.
MPT: (no debugging symbols found)...done.
MPT: (no debugging symbols found)...done.
MPT: (no debugging symbols found)...done.
MPT: (no debugging symbols found)...done.
MPT: (no debugging symbols found)...done.
MPT: (no debugging symbols found)...done.
MPT: (no debugging symbols found)...done.
MPT: (no debugging symbols found)...done.
MPT: (no debugging symbols found)...done.
MPT: (no debugging symbols found)...done.
MPT: (no debugging symbols found)...done.
MPT: (no debugging symbols found)...done.
MPT: (no debugging symbols found)...done.
MPT: (no debugging symbols found)...done.
MPT: (no debugging symbols found)...done.
MPT: (no debugging symbols found)...done.
MPT: (no debugging symbols found)...done.
MPT: (no debugging symbols found)...done.
MPT: (no debugging symbols found)...done.
MPT: (no debugging symbols found)...done.
MPT: (no debugging symbols found)...done.
MPT: (no debugging symbols found)...done.
MPT: (no debugging symbols found)...done.
MPT: (no debugging symbols found)...done.
MPT: (no debugging symbols found)...done.
MPT: (no debugging symbols found)...done.
MPT: (no debugging symbols found)...done.
MPT: (no debugging symbols found)...done.
MPT: (no debugging symbols found)...done.
MPT: (no debugging symbols found)...done.
MPT: (no debugging symbols found)...done.
MPT: (no debugging symbols found)...done.
MPT: (no debugging symbols found)...done.
MPT: 0x00002aaaab82818c in waitpid () from /usr/lib64/libpthread.so.0
MPT: warning: File "/gpfs/bbp.cscs.ch/ssd/apps/bsd/2024-02-01/stage_compilers/install_gcc-4.8.5-haswell/gcc-12.3.0-lvcks3/lib64/libstdc++.so.6.0.30-gdb.py" auto-loading has been declined by your `auto-load safe-path' set to "$debugdir:$datadir/auto-load:/usr/bin/mono-gdb.py".
MPT: To enable execution of this file add
MPT: 	add-auto-load-safe-path /gpfs/bbp.cscs.ch/ssd/apps/bsd/2024-02-01/stage_compilers/install_gcc-4.8.5-haswell/gcc-12.3.0-lvcks3/lib64/libstdc++.so.6.0.30-gdb.py
MPT: line to your configuration file "/gpfs/bbp.cscs.ch/home/tharayil/.gdbinit".
MPT: To completely disable this security protection add
MPT: 	set auto-load safe-path /
MPT: line to your configuration file "/gpfs/bbp.cscs.ch/home/tharayil/.gdbinit".
MPT: For more information about this security protection see the
MPT: "Auto-loading safe path" section in the GDB manual.  E.g., run from the shell:
MPT: 	info "(gdb)Auto-loading safe path"
MPT: Missing separate debuginfos, use: debuginfo-install glibc-2.17-325.el7_9.x86_64 libibverbs-54mlnx1-1.54103.x86_64 libnl3-3.2.28-4.el7.x86_64 libnuma-3.0sgi-sgi716r61.rhel73.x86_64 numatools-2.0-726.0790.220815T1642.r.rhel79hpe.x86_64
MPT: (gdb) #0  0x00002aaaab82818c in waitpid () from /usr/lib64/libpthread.so.0
MPT: #1  0x00002aaaabb6b0c6 in mpi_sgi_system (
MPT: #2  MPI_SGI_stacktraceback (
MPT:     header=header@entry=0x7fffffff6890 "MPT ERROR: Rank 883(g:883) is aborting with error code 56423680.\n\tProcess ID: 86869, Host: r4i1n18, Program: /gpfs/bbp.cscs.ch/home/tharayil/spack_install/software/install_oneapi-2023.2.0-skylake/neur"...) at sig.c:340
MPT: #3  0x00002aaaaba8b8d9 in print_traceback (ecode=56423680) at abort.c:255
MPT: #4  0x00002aaaaba8bb9a in PMPI_Abort (warning: skipping .debug_frame info of /gpfs/bbp.cscs.ch/ssd/apps/bsd/2024-02-01/stage_externals/install_gcc-12.3.0-skylake/libffi-3.4.4-3zeyat/lib64/libffi.so.8: Found an FDE when not expecting it.
MPT: comm=<optimized out>, errorcode=56423680)
MPT:     at abort.c:70
MPT: #5  0x00002b0979645052 in ffi_call_unix64 ()
MPT:    from /gpfs/bbp.cscs.ch/ssd/apps/bsd/2024-02-01/stage_externals/install_gcc-12.3.0-skylake/libffi-3.4.4-3zeyat/lib64/libffi.so.8
MPT: #6  0x00002b0979643e27 in ffi_call_int ()
MPT:    from /gpfs/bbp.cscs.ch/ssd/apps/bsd/2024-02-01/stage_externals/install_gcc-12.3.0-skylake/libffi-3.4.4-3zeyat/lib64/libffi.so.8
MPT: #7  0x00002b097964480d in ffi_call ()
MPT:    from /gpfs/bbp.cscs.ch/ssd/apps/bsd/2024-02-01/stage_externals/install_gcc-12.3.0-skylake/libffi-3.4.4-3zeyat/lib64/libffi.so.8
MPT: #8  0x00002b097962cf9f in _ctypes_callproc ()
MPT:    from /gpfs/bbp.cscs.ch/ssd/apps/bsd/2024-02-01/stage_externals/install_gcc-12.3.0-skylake/python-3.11.6-bj4i6m/lib/python3.11/lib-dynload/_ctypes.cpython-311-x86_64-linux-gnu.so
MPT: #9  0x00002b0979627cbc in PyCFuncPtr_call ()
MPT:    from /gpfs/bbp.cscs.ch/ssd/apps/bsd/2024-02-01/stage_externals/install_gcc-12.3.0-skylake/python-3.11.6-bj4i6m/lib/python3.11/lib-dynload/_ctypes.cpython-311-x86_64-linux-gnu.so
MPT: #10 0x00002aaaaed2861d in _PyObject_MakeTpCall ()
MPT:    from /gpfs/bbp.cscs.ch/ssd/apps/bsd/2024-02-01/stage_externals/install_gcc-12.3.0-skylake/python-3.11.6-bj4i6m/lib/libpython3.11.so.1.0
MPT: #11 0x00002aaaaecccc1b in _PyEval_EvalFrameDefault ()
MPT:    from /gpfs/bbp.cscs.ch/ssd/apps/bsd/2024-02-01/stage_externals/install_gcc-12.3.0-skylake/python-3.11.6-bj4i6m/lib/libpython3.11.so.1.0
MPT: #12 0x00002aaaaee235fc in PyEval_EvalCode ()
MPT:    from /gpfs/bbp.cscs.ch/ssd/apps/bsd/2024-02-01/stage_externals/install_gcc-12.3.0-skylake/python-3.11.6-bj4i6m/lib/libpython3.11.so.1.0
MPT: #13 0x00002aaaaee6b479 in run_mod ()
MPT:    from /gpfs/bbp.cscs.ch/ssd/apps/bsd/2024-02-01/stage_externals/install_gcc-12.3.0-skylake/python-3.11.6-bj4i6m/lib/libpython3.11.so.1.0
MPT: #14 0x00002aaaaee6cd04 in _PyRun_SimpleFileObject ()
MPT:    from /gpfs/bbp.cscs.ch/ssd/apps/bsd/2024-02-01/stage_externals/install_gcc-12.3.0-skylake/python-3.11.6-bj4i6m/lib/libpython3.11.so.1.0
MPT: #15 0x00002aaaaee6d34c in _PyRun_AnyFileObject ()
MPT:    from /gpfs/bbp.cscs.ch/ssd/apps/bsd/2024-02-01/stage_externals/install_gcc-12.3.0-skylake/python-3.11.6-bj4i6m/lib/libpython3.11.so.1.0
MPT: #16 0x00002aaaaee6d409 in PyRun_AnyFileExFlags ()
MPT:    from /gpfs/bbp.cscs.ch/ssd/apps/bsd/2024-02-01/stage_externals/install_gcc-12.3.0-skylake/python-3.11.6-bj4i6m/lib/libpython3.11.so.1.0
MPT: #17 0x00002aaaab1f3a90 in nrnpy_pyrun(char const*) ()
MPT:    from /gpfs/bbp.cscs.ch/home/tharayil/spack_install/software/install_oneapi-2023.2.0-skylake/neuron-9.0.a17-vwod6s/lib/libnrniv.so
MPT: #18 0x00002aaaab1f481b in nrnpython_start(int) ()
MPT:    from /gpfs/bbp.cscs.ch/home/tharayil/spack_install/software/install_oneapi-2023.2.0-skylake/neuron-9.0.a17-vwod6s/lib/libnrniv.so
MPT: #19 0x00002aaaaafa37b4 in ivocmain_session(int, char const**, char const**, int) ()
MPT:    from /gpfs/bbp.cscs.ch/home/tharayil/spack_install/software/install_oneapi-2023.2.0-skylake/neuron-9.0.a17-vwod6s/lib/libnrniv.so
MPT: #20 0x000000000040461f in main ()
MPT: (gdb) A debugging session is active.
MPT: 
MPT: 	Inferior 1 [process 86869] will be detached.
MPT: 
MPT: Quit anyway? (y or n) [answered Y; input not from terminal]
MPT: Detaching from program: /proc/86869/exe, process 86869
MPT: [Inferior 1 (process 86869) detached]

MPT: -----stack traceback ends-----
MPT: (no debugging symbols found)...done.
MPT: Attaching to program: /proc/301523/exe, process 301523
MPT: (no debugging symbols found)...done.
MPT: (no debugging symbols found)...done.
MPT: (no debugging symbols found)...done.
MPT: [Thread debugging using libthread_db enabled]
MPT: Using host libthread_db library "/lib64/libthread_db.so.1".
MPT: (no debugging symbols found)...done.
MPT: (no debugging symbols found)...done.
MPT: (no debugging symbols found)...done.
MPT: (no debugging symbols found)...done.
MPT: (no debugging symbols found)...done.
MPT: (no debugging symbols found)...done.
MPT: (no debugging symbols found)...done.
MPT: (no debugging symbols found)...done.
MPT: (no debugging symbols found)...done.
MPT: (no debugging symbols found)...done.
MPT: (no debugging symbols found)...done.
MPT: (no debugging symbols found)...done.
MPT: (no debugging symbols found)...done.
MPT: (no debugging symbols found)...done.
MPT: (no debugging symbols found)...done.
MPT: (no debugging symbols found)...done.
MPT: (no debugging symbols found)...done.
MPT: (no debugging symbols found)...done.
MPT: (no debugging symbols found)...done.
MPT: (no debugging symbols found)...done.
MPT: (no debugging symbols found)...done.
MPT: (no debugging symbols found)...done.
MPT: (no debugging symbols found)...done.
MPT: (no debugging symbols found)...done.
MPT: (no debugging symbols found)...done.
MPT: (no debugging symbols found)...done.
MPT: (no debugging symbols found)...done.
MPT: (no debugging symbols found)...done.
MPT: (no debugging symbols found)...done.
MPT: (no debugging symbols found)...done.
MPT: (no debugging symbols found)...done.
MPT: (no debugging symbols found)...done.
MPT: (no debugging symbols found)...done.
MPT: (no debugging symbols found)...done.
MPT: (no debugging symbols found)...done.
MPT: (no debugging symbols found)...done.
MPT: (no debugging symbols found)...done.
MPT: (no debugging symbols found)...done.
MPT: (no debugging symbols found)...done.
MPT: (no debugging symbols found)...done.
MPT: (no debugging symbols found)...done.
MPT: (no debugging symbols found)...done.
MPT: (no debugging symbols found)...done.
MPT: (no debugging symbols found)...done.
MPT: (no debugging symbols found)...done.
MPT: (no debugging symbols found)...done.
MPT: (no debugging symbols found)...done.
MPT: (no debugging symbols found)...done.
MPT: (no debugging symbols found)...done.
MPT: (no debugging symbols found)...done.
MPT: (no debugging symbols found)...done.
MPT: (no debugging symbols found)...done.
MPT: (no debugging symbols found)...done.
MPT: (no debugging symbols found)...done.
MPT: (no debugging symbols found)...done.
MPT: (no debugging symbols found)...done.
MPT: (no debugging symbols found)...done.
MPT: (no debugging symbols found)...done.
MPT: (no debugging symbols found)...done.
MPT: (no debugging symbols found)...done.
MPT: (no debugging symbols found)...done.
MPT: (no debugging symbols found)...done.
MPT: (no debugging symbols found)...done.
MPT: (no debugging symbols found)...done.
MPT: (no debugging symbols found)...done.
MPT: (no debugging symbols found)...done.
MPT: (no debugging symbols found)...done.
MPT: (no debugging symbols found)...done.
MPT: (no debugging symbols found)...done.
MPT: (no debugging symbols found)...done.
MPT: 0x00002aaaab82818c in waitpid () from /usr/lib64/libpthread.so.0
MPT: warning: File "/gpfs/bbp.cscs.ch/ssd/apps/bsd/2024-02-01/stage_compilers/install_gcc-4.8.5-haswell/gcc-12.3.0-lvcks3/lib64/libstdc++.so.6.0.30-gdb.py" auto-loading has been declined by your `auto-load safe-path' set to "$debugdir:$datadir/auto-load:/usr/bin/mono-gdb.py".
MPT: To enable execution of this file add
MPT: 	add-auto-load-safe-path /gpfs/bbp.cscs.ch/ssd/apps/bsd/2024-02-01/stage_compilers/install_gcc-4.8.5-haswell/gcc-12.3.0-lvcks3/lib64/libstdc++.so.6.0.30-gdb.py
MPT: line to your configuration file "/gpfs/bbp.cscs.ch/home/tharayil/.gdbinit".
MPT: To completely disable this security protection add
MPT: 	set auto-load safe-path /
MPT: line to your configuration file "/gpfs/bbp.cscs.ch/home/tharayil/.gdbinit".
MPT: (no debugging symbols found)...done.
MPT: Attaching to program: /proc/304533/exe, process 304533
MPT: (no debugging symbols found)...done.
MPT: (no debugging symbols found)...done.
MPT: (no debugging symbols found)...done.
MPT: [Thread debugging using libthread_db enabled]
MPT: Using host libthread_db library "/lib64/libthread_db.so.1".
MPT: (no debugging symbols found)...done.
MPT: (no debugging symbols found)...done.
MPT: (no debugging symbols found)...done.
MPT: (no debugging symbols found)...done.
MPT: (no debugging symbols found)...done.
MPT: (no debugging symbols found)...done.
MPT: (no debugging symbols found)...done.
MPT: (no debugging symbols found)...done.
MPT: (no debugging symbols found)...done.
MPT: (no debugging symbols found)...done.
MPT: (no debugging symbols found)...done.
MPT: (no debugging symbols found)...done.
MPT: (no debugging symbols found)...done.
MPT: (no debugging symbols found)...done.
MPT: (no debugging symbols found)...done.
MPT: (no debugging symbols found)...done.
MPT: (no debugging symbols found)...done.
MPT: (no debugging symbols found)...done.
MPT: (no debugging symbols found)...done.
MPT: (no debugging symbols found)...done.
MPT: (no debugging symbols found)...done.
MPT: (no debugging symbols found)...done.
MPT: (no debugging symbols found)...done.
MPT: (no debugging symbols found)...done.
MPT: (no debugging symbols found)...done.
MPT: (no debugging symbols found)...done.
MPT: (no debugging symbols found)...done.
MPT: (no debugging symbols found)...done.
MPT: (no debugging symbols found)...done.
MPT: (no debugging symbols found)...done.
MPT: (no debugging symbols found)...done.
MPT: (no debugging symbols found)...done.
MPT: (no debugging symbols found)...done.
MPT: (no debugging symbols found)...done.
MPT: (no debugging symbols found)...done.
MPT: (no debugging symbols found)...done.
MPT: (no debugging symbols found)...done.
MPT: (no debugging symbols found)...done.
MPT: (no debugging symbols found)...done.
MPT: (no debugging symbols found)...done.
MPT: (no debugging symbols found)...done.
MPT: (no debugging symbols found)...done.
MPT: (no debugging symbols found)...done.
MPT: (no debugging symbols found)...done.
MPT: (no debugging symbols found)...done.
MPT: (no debugging symbols found)...done.
MPT: (no debugging symbols found)...done.
MPT: (no debugging symbols found)...done.
MPT: (no debugging symbols found)...done.
MPT: (no debugging symbols found)...done.
MPT: (no debugging symbols found)...done.
MPT: (no debugging symbols found)...done.
MPT: (no debugging symbols found)...done.
MPT: (no debugging symbols found)...done.
MPT: (no debugging symbols found)...done.
MPT: (no debugging symbols found)...done.
MPT: (no debugging symbols found)...done.
MPT: (no debugging symbols found)...done.
MPT: (no debugging symbols found)...done.
MPT: (no debugging symbols found)...done.
MPT: (no debugging symbols found)...done.
MPT: (no debugging symbols found)...done.
MPT: (no debugging symbols found)...done.
MPT: (no debugging symbols found)...done.
MPT: (no debugging symbols found)...done.
MPT: (no debugging symbols found)...done.
MPT: (no debugging symbols found)...done.
MPT: (no debugging symbols found)...done.
MPT: (no debugging symbols found)...done.
MPT: (no debugging symbols found)...done.
MPT: 0x00002aaaab82818c in waitpid () from /usr/lib64/libpthread.so.0
MPT: warning: File "/gpfs/bbp.cscs.ch/ssd/apps/bsd/2024-02-01/stage_compilers/install_gcc-4.8.5-haswell/gcc-12.3.0-lvcks3/lib64/libstdc++.so.6.0.30-gdb.py" auto-loading has been declined by your `auto-load safe-path' set to "$debugdir:$datadir/auto-load:/usr/bin/mono-gdb.py".
MPT: To enable execution of this file add
MPT: 	add-auto-load-safe-path /gpfs/bbp.cscs.ch/ssd/apps/bsd/2024-02-01/stage_compilers/install_gcc-4.8.5-haswell/gcc-12.3.0-lvcks3/lib64/libstdc++.so.6.0.30-gdb.py
MPT: line to your configuration file "/gpfs/bbp.cscs.ch/home/tharayil/.gdbinit".
MPT: To completely disable this security protection add
MPT: 	set auto-load safe-path /
MPT: line to your configuration file "/gpfs/bbp.cscs.ch/home/tharayil/.gdbinit".
MPT: For more information about this security protection see the
MPT: "Auto-loading safe path" section in the GDB manual.  E.g., run from the shell:
MPT: 	info "(gdb)Auto-loading safe path"
MPT: Missing separate debuginfos, use: debuginfo-install glibc-2.17-325.el7_9.x86_64 libibverbs-54mlnx1-1.54103.x86_64 libnl3-3.2.28-4.el7.x86_64 libnuma-3.0sgi-sgi716r61.rhel73.x86_64 numatools-2.0-726.0790.220815T1642.r.rhel79hpe.x86_64
MPT: (gdb) #0  0x00002aaaab82818c in waitpid () from /usr/lib64/libpthread.so.0
MPT: #1  0x00002aaaabb6b0c6 in mpi_sgi_system (
MPT: #2  MPI_SGI_stacktraceback (
MPT:     header=header@entry=0x7fffffff6850 "MPT ERROR: Rank 1237(g:1237) is aborting with error code 56423680.\n\tProcess ID: 301523, Host: r4i1n26, Program: /gpfs/bbp.cscs.ch/home/tharayil/spack_install/software/install_oneapi-2023.2.0-skylake/n"...) at sig.c:340
MPT: #3  0x00002aaaaba8b8d9 in print_traceback (ecode=56423680) at abort.c:255
MPT: #4  0x00002aaaaba8bb9a in PMPI_Abort (warning: skipping .debug_frame info of /gpfs/bbp.cscs.ch/ssd/apps/bsd/2024-02-01/stage_externals/install_gcc-12.3.0-skylake/libffi-3.4.4-3zeyat/lib64/libffi.so.8: Found an FDE when not expecting it.
MPT: comm=<optimized out>, errorcode=56423680)
MPT:     at abort.c:70
MPT: #5  0x00002b0979645052 in ffi_call_unix64 ()
MPT:    from /gpfs/bbp.cscs.ch/ssd/apps/bsd/2024-02-01/stage_externals/install_gcc-12.3.0-skylake/libffi-3.4.4-3zeyat/lib64/libffi.so.8
MPT: #6  0x00002b0979643e27 in ffi_call_int ()
MPT:    from /gpfs/bbp.cscs.ch/ssd/apps/bsd/2024-02-01/stage_externals/install_gcc-12.3.0-skylake/libffi-3.4.4-3zeyat/lib64/libffi.so.8
MPT: #7  0x00002b097964480d in ffi_call ()
MPT:    from /gpfs/bbp.cscs.ch/ssd/apps/bsd/2024-02-01/stage_externals/install_gcc-12.3.0-skylake/libffi-3.4.4-3zeyat/lib64/libffi.so.8
MPT: #8  0x00002b097962cf9f in _ctypes_callproc ()
MPT:    from /gpfs/bbp.cscs.ch/ssd/apps/bsd/2024-02-01/stage_externals/install_gcc-12.3.0-skylake/python-3.11.6-bj4i6m/lib/python3.11/lib-dynload/_ctypes.cpython-311-x86_64-linux-gnu.so
MPT: #9  0x00002b0979627cbc in PyCFuncPtr_call ()
MPT:    from /gpfs/bbp.cscs.ch/ssd/apps/bsd/2024-02-01/stage_externals/install_gcc-12.3.0-skylake/python-3.11.6-bj4i6m/lib/python3.11/lib-dynload/_ctypes.cpython-311-x86_64-linux-gnu.so
MPT: #10 0x00002aaaaed2861d in _PyObject_MakeTpCall ()
MPT:    from /gpfs/bbp.cscs.ch/ssd/apps/bsd/2024-02-01/stage_externals/install_gcc-12.3.0-skylake/python-3.11.6-bj4i6m/lib/libpython3.11.so.1.0
MPT: #11 0x00002aaaaecccc1b in _PyEval_EvalFrameDefault ()
MPT:    from /gpfs/bbp.cscs.ch/ssd/apps/bsd/2024-02-01/stage_externals/install_gcc-12.3.0-skylake/python-3.11.6-bj4i6m/lib/libpython3.11.so.1.0
MPT: #12 0x00002aaaaee235fc in PyEval_EvalCode ()
MPT:    from /gpfs/bbp.cscs.ch/ssd/apps/bsd/2024-02-01/stage_externals/install_gcc-12.3.0-skylake/python-3.11.6-bj4i6m/lib/libpython3.11.so.1.0
MPT: #13 0x00002aaaaee6b479 in run_mod ()
MPT:    from /gpfs/bbp.cscs.ch/ssd/apps/bsd/2024-02-01/stage_externals/install_gcc-12.3.0-skylake/python-3.11.6-bj4i6m/lib/libpython3.11.so.1.0
MPT: #14 0x00002aaaaee6cd04 in _PyRun_SimpleFileObject ()
MPT:    from /gpfs/bbp.cscs.ch/ssd/apps/bsd/2024-02-01/stage_externals/install_gcc-12.3.0-skylake/python-3.11.6-bj4i6m/lib/libpython3.11.so.1.0
MPT: #15 0x00002aaaaee6d34c in _PyRun_AnyFileObject ()
MPT:    from /gpfs/bbp.cscs.ch/ssd/apps/bsd/2024-02-01/stage_externals/install_gcc-12.3.0-skylake/python-3.11.6-bj4i6m/lib/libpython3.11.so.1.0
MPT: #16 0x00002aaaaee6d409 in PyRun_AnyFileExFlags ()
MPT:    from /gpfs/bbp.cscs.ch/ssd/apps/bsd/2024-02-01/stage_externals/install_gcc-12.3.0-skylake/python-3.11.6-bj4i6m/lib/libpython3.11.so.1.0
MPT: #17 0x00002aaaab1f3a90 in nrnpy_pyrun(char const*) ()
MPT:    from /gpfs/bbp.cscs.ch/home/tharayil/spack_install/software/install_oneapi-2023.2.0-skylake/neuron-9.0.a17-vwod6s/lib/libnrniv.so
MPT: #18 0x00002aaaab1f481b in nrnpython_start(int) ()
MPT:    from /gpfs/bbp.cscs.ch/home/tharayil/spack_install/software/install_oneapi-2023.2.0-skylake/neuron-9.0.a17-vwod6s/lib/libnrniv.so
MPT: #19 0x00002aaaaafa37b4 in ivocmain_session(int, char const**, char const**, int) ()
MPT:    from /gpfs/bbp.cscs.ch/home/tharayil/spack_install/software/install_oneapi-2023.2.0-skylake/neuron-9.0.a17-vwod6s/lib/libnrniv.so
MPT: #20 0x000000000040461f in main ()
MPT: (gdb) A debugging session is active.
MPT: 
MPT: 	Inferior 1 [process 301523] will be detached.
MPT: 
MPT: Quit anyway? (y or n) [answered Y; input not from terminal]
MPT: Detaching from program: /proc/301523/exe, process 301523
MPT: [Inferior 1 (process 301523) detached]

MPT: -----stack traceback ends-----
MPT: For more information about this security protection see the
MPT: "Auto-loading safe path" section in the GDB manual.  E.g., run from the shell:
MPT: 	info "(gdb)Auto-loading safe path"
MPT: Missing separate debuginfos, use: debuginfo-install glibc-2.17-325.el7_9.x86_64 libibverbs-54mlnx1-1.54103.x86_64 libnl3-3.2.28-4.el7.x86_64 libnuma-3.0sgi-sgi716r61.rhel73.x86_64 numatools-2.0-726.0790.220815T1642.r.rhel79hpe.x86_64
MPT: (gdb) #0  0x00002aaaab82818c in waitpid () from /usr/lib64/libpthread.so.0
MPT: #1  0x00002aaaabb6b0c6 in mpi_sgi_system (
MPT: #2  MPI_SGI_stacktraceback (
MPT:     header=header@entry=0x7fffffff6850 "MPT ERROR: Rank 1256(g:1256) is aborting with error code 56423680.\n\tProcess ID: 304533, Host: r4i1n27, Program: /gpfs/bbp.cscs.ch/home/tharayil/spack_install/software/install_oneapi-2023.2.0-skylake/n"...) at sig.c:340
MPT: #3  0x00002aaaaba8b8d9 in print_traceback (ecode=56423680) at abort.c:255
MPT: #4  0x00002aaaaba8bb9a in PMPI_Abort (warning: skipping .debug_frame info of /gpfs/bbp.cscs.ch/ssd/apps/bsd/2024-02-01/stage_externals/install_gcc-12.3.0-skylake/libffi-3.4.4-3zeyat/lib64/libffi.so.8: Found an FDE when not expecting it.
MPT: comm=<optimized out>, errorcode=56423680)
MPT:     at abort.c:70
MPT: #5  0x00002b0979645052 in ffi_call_unix64 ()
MPT:    from /gpfs/bbp.cscs.ch/ssd/apps/bsd/2024-02-01/stage_externals/install_gcc-12.3.0-skylake/libffi-3.4.4-3zeyat/lib64/libffi.so.8
MPT: #6  0x00002b0979643e27 in ffi_call_int ()
MPT:    from /gpfs/bbp.cscs.ch/ssd/apps/bsd/2024-02-01/stage_externals/install_gcc-12.3.0-skylake/libffi-3.4.4-3zeyat/lib64/libffi.so.8
MPT: #7  0x00002b097964480d in ffi_call ()
MPT:    from /gpfs/bbp.cscs.ch/ssd/apps/bsd/2024-02-01/stage_externals/install_gcc-12.3.0-skylake/libffi-3.4.4-3zeyat/lib64/libffi.so.8
MPT: #8  0x00002b097962cf9f in _ctypes_callproc ()
MPT:    from /gpfs/bbp.cscs.ch/ssd/apps/bsd/2024-02-01/stage_externals/install_gcc-12.3.0-skylake/python-3.11.6-bj4i6m/lib/python3.11/lib-dynload/_ctypes.cpython-311-x86_64-linux-gnu.so
MPT: #9  0x00002b0979627cbc in PyCFuncPtr_call ()
MPT:    from /gpfs/bbp.cscs.ch/ssd/apps/bsd/2024-02-01/stage_externals/install_gcc-12.3.0-skylake/python-3.11.6-bj4i6m/lib/python3.11/lib-dynload/_ctypes.cpython-311-x86_64-linux-gnu.so
MPT: #10 0x00002aaaaed2861d in _PyObject_MakeTpCall ()
MPT:    from /gpfs/bbp.cscs.ch/ssd/apps/bsd/2024-02-01/stage_externals/install_gcc-12.3.0-skylake/python-3.11.6-bj4i6m/lib/libpython3.11.so.1.0
MPT: #11 0x00002aaaaecccc1b in _PyEval_EvalFrameDefault ()
MPT:    from /gpfs/bbp.cscs.ch/ssd/apps/bsd/2024-02-01/stage_externals/install_gcc-12.3.0-skylake/python-3.11.6-bj4i6m/lib/libpython3.11.so.1.0
MPT: #12 0x00002aaaaee235fc in PyEval_EvalCode ()
MPT:    from /gpfs/bbp.cscs.ch/ssd/apps/bsd/2024-02-01/stage_externals/install_gcc-12.3.0-skylake/python-3.11.6-bj4i6m/lib/libpython3.11.so.1.0
MPT: #13 0x00002aaaaee6b479 in run_mod ()
MPT:    from /gpfs/bbp.cscs.ch/ssd/apps/bsd/2024-02-01/stage_externals/install_gcc-12.3.0-skylake/python-3.11.6-bj4i6m/lib/libpython3.11.so.1.0
MPT: #14 0x00002aaaaee6cd04 in _PyRun_SimpleFileObject ()
MPT:    from /gpfs/bbp.cscs.ch/ssd/apps/bsd/2024-02-01/stage_externals/install_gcc-12.3.0-skylake/python-3.11.6-bj4i6m/lib/libpython3.11.so.1.0
MPT: #15 0x00002aaaaee6d34c in _PyRun_AnyFileObject ()
MPT:    from /gpfs/bbp.cscs.ch/ssd/apps/bsd/2024-02-01/stage_externals/install_gcc-12.3.0-skylake/python-3.11.6-bj4i6m/lib/libpython3.11.so.1.0
MPT: #16 0x00002aaaaee6d409 in PyRun_AnyFileExFlags ()
MPT:    from /gpfs/bbp.cscs.ch/ssd/apps/bsd/2024-02-01/stage_externals/install_gcc-12.3.0-skylake/python-3.11.6-bj4i6m/lib/libpython3.11.so.1.0
MPT: #17 0x00002aaaab1f3a90 in nrnpy_pyrun(char const*) ()
MPT:    from /gpfs/bbp.cscs.ch/home/tharayil/spack_install/software/install_oneapi-2023.2.0-skylake/neuron-9.0.a17-vwod6s/lib/libnrniv.so
MPT: #18 0x00002aaaab1f481b in nrnpython_start(int) ()
MPT:    from /gpfs/bbp.cscs.ch/home/tharayil/spack_install/software/install_oneapi-2023.2.0-skylake/neuron-9.0.a17-vwod6s/lib/libnrniv.so
MPT: #19 0x00002aaaaafa37b4 in ivocmain_session(int, char const**, char const**, int) ()
MPT:    from /gpfs/bbp.cscs.ch/home/tharayil/spack_install/software/install_oneapi-2023.2.0-skylake/neuron-9.0.a17-vwod6s/lib/libnrniv.so
MPT: #20 0x000000000040461f in main ()
MPT: (gdb) A debugging session is active.
MPT: 
MPT: 	Inferior 1 [process 304533] will be detached.
MPT: 
MPT: Quit anyway? (y or n) [answered Y; input not from terminal]
MPT: Detaching from program: /proc/304533/exe, process 304533
MPT: [Inferior 1 (process 304533) detached]

MPT: -----stack traceback ends-----

MPT: -----stack traceback ends-----

MPT: -----stack traceback ends-----
slurmstepd: error: *** STEP 2597509.0 ON r3i7n31 CANCELLED AT 2024-10-21T11:30:47 ***
srun: Job step aborted: Waiting up to 32 seconds for job step to finish.
srun: error: Timed out waiting for job step to complete
srun: error: r4i1n15: tasks 760,763,767-769,771,773,775-776,779-780,782-786,789-790,792,794-799: Killed
srun: launch/slurm: _step_signal: Terminating StepId=2597509.0
srun: error: r4i1n26: tasks 1200-1204,1206-1225,1227-1234,1236,1239: Killed
